# JRE version: OpenJDK Runtime Environment Temurin-17.0.3+7 (17.0.3+7) (build 17.0.3+7)
# Java VM: OpenJDK 64-Bit Server VM Temurin-17.0.3+7 (17.0.3+7, mixed mode, emulated-client, tiered, compressed oops, compressed class ptrs, g1 gc, windows-amd64)
GC Precious Log:
 CPUs: 8 total, 8 available
 Memory: 6020M
 Large Page Support: Disabled
 NUMA Support: Disabled
 Compressed Oops: Enabled (32-bit)
 Heap Region Size: 1M
 Heap Min Capacity: 8M
 Heap Initial Capacity: 96M
 Heap Max Capacity: 1506M
 Pre-touch: Disabled
 Parallel Workers: 8
 Concurrent Workers: 2
 Concurrent Refinement Workers: 8
 Periodic GC: Disabled
Heap:
 garbage-first heap   total 239616K, used 169415K [0x00000000a1e00000, 0x0000000100000000)
  region size 1024K, 29 young (29696K), 9 survivors (9216K)
 Metaspace       used 39019K, committed 39424K, reserved 1089536K
  class space    used 5368K, committed 5568K, reserved 1048576K
GC Heap History (20 events):
Event: 26.906 GC heap before
{Heap before GC invocations=43 (full 0):
 garbage-first heap   total 199680K, used 157657K [0x00000000a1e00000, 0x0000000100000000)
  region size 1024K, 66 young (67584K), 7 survivors (7168K)
 Metaspace       used 34275K, committed 34624K, reserved 1081344K
  class space    used 4449K, committed 4608K, reserved 1048576K
}
Event: 26.913 GC heap after
{Heap after GC invocations=44 (full 0):
 garbage-first heap   total 199680K, used 101854K [0x00000000a1e00000, 0x0000000100000000)
  region size 1024K, 7 young (7168K), 7 survivors (7168K)
 Metaspace       used 34275K, committed 34624K, reserved 1081344K
  class space    used 4449K, committed 4608K, reserved 1048576K
}
Event: 26.924 GC heap before
{Heap before GC invocations=44 (full 0):
 garbage-first heap   total 199680K, used 102878K [0x00000000a1e00000, 0x0000000100000000)
  region size 1024K, 9 young (9216K), 7 survivors (7168K)
 Metaspace       used 34275K, committed 34624K, reserved 1081344K
  class space    used 4449K, committed 4608K, reserved 1048576K
}
Event: 26.933 GC heap after
{Heap after GC invocations=45 (full 0):
 garbage-first heap   total 239616K, used 101375K [0x00000000a1e00000, 0x0000000100000000)
  region size 1024K, 1 young (1024K), 1 survivors (1024K)
 Metaspace       used 34275K, committed 34624K, reserved 1081344K
  class space    used 4449K, committed 4608K, reserved 1048576K
}
Event: 27.577 GC heap before
{Heap before GC invocations=45 (full 0):
 garbage-first heap   total 239616K, used 198655K [0x00000000a1e00000, 0x0000000100000000)
  region size 1024K, 96 young (98304K), 1 survivors (1024K)
 Metaspace       used 34275K, committed 34624K, reserved 1081344K
  class space    used 4449K, committed 4608K, reserved 1048576K
}
Event: 27.583 GC heap after
{Heap after GC invocations=46 (full 0):
 garbage-first heap   total 239616K, used 107360K [0x00000000a1e00000, 0x0000000100000000)
  region size 1024K, 6 young (6144K), 6 survivors (6144K)
 Metaspace       used 34275K, committed 34624K, reserved 1081344K
  class space    used 4449K, committed 4608K, reserved 1048576K
}
Event: 28.068 GC heap before
{Heap before GC invocations=46 (full 0):
 garbage-first heap   total 239616K, used 198496K [0x00000000a1e00000, 0x0000000100000000)
  region size 1024K, 96 young (98304K), 6 survivors (6144K)
 Metaspace       used 34275K, committed 34624K, reserved 1081344K
  class space    used 4449K, committed 4608K, reserved 1048576K
}
Event: 28.076 GC heap after
{Heap after GC invocations=47 (full 0):
 garbage-first heap   total 239616K, used 111807K [0x00000000a1e00000, 0x0000000100000000)
  region size 1024K, 11 young (11264K), 11 survivors (11264K)
 Metaspace       used 34275K, committed 34624K, reserved 1081344K
  class space    used 4449K, committed 4608K, reserved 1048576K
}
Event: 28.571 GC heap before
{Heap before GC invocations=47 (full 0):
 garbage-first heap   total 239616K, used 198847K [0x00000000a1e00000, 0x0000000100000000)
  region size 1024K, 97 young (99328K), 11 survivors (11264K)
 Metaspace       used 34275K, committed 34624K, reserved 1081344K
  class space    used 4449K, committed 4608K, reserved 1048576K
}
Event: 28.583 GC heap after
{Heap after GC invocations=48 (full 0):
 garbage-first heap   total 239616K, used 116109K [0x00000000a1e00000, 0x0000000100000000)
  region size 1024K, 9 young (9216K), 9 survivors (9216K)
 Metaspace       used 34275K, committed 34624K, reserved 1081344K
  class space    used 4449K, committed 4608K, reserved 1048576K
}
Event: 29.181 GC heap before
{Heap before GC invocations=48 (full 0):
 garbage-first heap   total 239616K, used 201101K [0x00000000a1e00000, 0x0000000100000000)
  region size 1024K, 93 young (95232K), 9 survivors (9216K)
 Metaspace       used 34275K, committed 34624K, reserved 1081344K
  class space    used 4449K, committed 4608K, reserved 1048576K
}
Event: 29.190 GC heap after
{Heap after GC invocations=49 (full 0):
 garbage-first heap   total 239616K, used 120931K [0x00000000a1e00000, 0x0000000100000000)
  region size 1024K, 9 young (9216K), 9 survivors (9216K)
 Metaspace       used 34275K, committed 34624K, reserved 1081344K
  class space    used 4449K, committed 4608K, reserved 1048576K
}
Event: 29.746 GC heap before
{Heap before GC invocations=49 (full 0):
 garbage-first heap   total 239616K, used 201827K [0x00000000a1e00000, 0x0000000100000000)
  region size 1024K, 89 young (91136K), 9 survivors (9216K)
 Metaspace       used 34275K, committed 34624K, reserved 1081344K
  class space    used 4449K, committed 4608K, reserved 1048576K
}
Event: 29.755 GC heap after
{Heap after GC invocations=50 (full 0):
 garbage-first heap   total 239616K, used 125148K [0x00000000a1e00000, 0x0000000100000000)
  region size 1024K, 9 young (9216K), 9 survivors (9216K)
 Metaspace       used 34275K, committed 34624K, reserved 1081344K
  class space    used 4449K, committed 4608K, reserved 1048576K
}
Event: 30.426 GC heap before
{Heap before GC invocations=51 (full 0):
 garbage-first heap   total 239616K, used 202972K [0x00000000a1e00000, 0x0000000100000000)
  region size 1024K, 86 young (88064K), 9 survivors (9216K)
 Metaspace       used 34322K, committed 34688K, reserved 1081344K
  class space    used 4453K, committed 4608K, reserved 1048576K
}
Event: 30.435 GC heap after
{Heap after GC invocations=52 (full 0):
 garbage-first heap   total 239616K, used 131537K [0x00000000a1e00000, 0x0000000100000000)
  region size 1024K, 11 young (11264K), 11 survivors (11264K)
 Metaspace       used 34322K, committed 34688K, reserved 1081344K
  class space    used 4453K, committed 4608K, reserved 1048576K
}
Event: 30.441 GC heap before
{Heap before GC invocations=52 (full 0):
 garbage-first heap   total 239616K, used 132561K [0x00000000a1e00000, 0x0000000100000000)
  region size 1024K, 12 young (12288K), 11 survivors (11264K)
 Metaspace       used 34322K, committed 34688K, reserved 1081344K
  class space    used 4453K, committed 4608K, reserved 1048576K
}
Event: 30.454 GC heap after
{Heap after GC invocations=53 (full 0):
 garbage-first heap   total 239616K, used 131901K [0x00000000a1e00000, 0x0000000100000000)
  region size 1024K, 2 young (2048K), 2 survivors (2048K)
 Metaspace       used 34322K, committed 34688K, reserved 1081344K
  class space    used 4453K, committed 4608K, reserved 1048576K
}
Event: 33.086 GC heap before
{Heap before GC invocations=53 (full 0):
 garbage-first heap   total 239616K, used 201533K [0x00000000a1e00000, 0x0000000100000000)
  region size 1024K, 71 young (72704K), 2 survivors (2048K)
 Metaspace       used 39019K, committed 39424K, reserved 1089536K
  class space    used 5368K, committed 5568K, reserved 1048576K
}
Event: 33.110 GC heap after
{Heap after GC invocations=54 (full 0):
 garbage-first heap   total 239616K, used 157127K [0x00000000a1e00000, 0x0000000100000000)
  region size 1024K, 9 young (9216K), 9 survivors (9216K)
 Metaspace       used 39019K, committed 39424K, reserved 1089536K
  class space    used 5368K, committed 5568K, reserved 1048576K
}

