# JRE version: OpenJDK Runtime Environment Temurin-17.0.3+7 (17.0.3+7) (build 17.0.3+7)
# Java VM: OpenJDK 64-Bit Server VM Temurin-17.0.3+7 (17.0.3+7, mixed mode, emulated-client, tiered, compressed oops, compressed class ptrs, g1 gc, windows-amd64)
GC Precious Log:
 CPUs: 8 total, 8 available
 Memory: 6020M
 Large Page Support: Disabled
 NUMA Support: Disabled
 Compressed Oops: Enabled (32-bit)
 Heap Region Size: 1M
 Heap Min Capacity: 8M
 Heap Initial Capacity: 96M
 Heap Max Capacity: 1506M
 Pre-touch: Disabled
 Parallel Workers: 8
 Concurrent Workers: 2
 Concurrent Refinement Workers: 8
 Periodic GC: Disabled
Heap:
 garbage-first heap   total 86016K, used 25093K [0x00000000a1e00000, 0x0000000100000000)
  region size 1024K, 1 young (1024K), 0 survivors (0K)
 Metaspace       used 51036K, committed 51584K, reserved 1097728K
  class space    used 6631K, committed 6848K, reserved 1048576K
GC Heap History (20 events):
Event: 3397.505 GC heap before
{Heap before GC invocations=337 (full 297):
 garbage-first heap   total 86016K, used 25093K [0x00000000a1e00000, 0x0000000100000000)
  region size 1024K, 1 young (1024K), 0 survivors (0K)
 Metaspace       used 51036K, committed 51584K, reserved 1097728K
  class space    used 6631K, committed 6848K, reserved 1048576K
}
Event: 3397.564 GC heap after
{Heap after GC invocations=338 (full 298):
 garbage-first heap   total 86016K, used 25093K [0x00000000a1e00000, 0x0000000100000000)
  region size 1024K, 0 young (0K), 0 survivors (0K)
 Metaspace       used 51036K, committed 51584K, reserved 1097728K
  class space    used 6631K, committed 6848K, reserved 1048576K
}
Event: 3408.391 GC heap before
{Heap before GC invocations=338 (full 298):
 garbage-first heap   total 86016K, used 25093K [0x00000000a1e00000, 0x0000000100000000)
  region size 1024K, 1 young (1024K), 0 survivors (0K)
 Metaspace       used 51036K, committed 51584K, reserved 1097728K
  class space    used 6631K, committed 6848K, reserved 1048576K
}
Event: 3408.473 GC heap after
{Heap after GC invocations=339 (full 299):
 garbage-first heap   total 86016K, used 25093K [0x00000000a1e00000, 0x0000000100000000)
  region size 1024K, 0 young (0K), 0 survivors (0K)
 Metaspace       used 51036K, committed 51584K, reserved 1097728K
  class space    used 6631K, committed 6848K, reserved 1048576K
}
Event: 3419.668 GC heap before
{Heap before GC invocations=339 (full 299):
 garbage-first heap   total 86016K, used 25093K [0x00000000a1e00000, 0x0000000100000000)
  region size 1024K, 1 young (1024K), 0 survivors (0K)
 Metaspace       used 51036K, committed 51584K, reserved 1097728K
  class space    used 6631K, committed 6848K, reserved 1048576K
}
Event: 3419.738 GC heap after
{Heap after GC invocations=340 (full 300):
 garbage-first heap   total 86016K, used 25093K [0x00000000a1e00000, 0x0000000100000000)
  region size 1024K, 0 young (0K), 0 survivors (0K)
 Metaspace       used 51036K, committed 51584K, reserved 1097728K
  class space    used 6631K, committed 6848K, reserved 1048576K
}
Event: 3432.282 GC heap before
{Heap before GC invocations=340 (full 300):
 garbage-first heap   total 86016K, used 25093K [0x00000000a1e00000, 0x0000000100000000)
  region size 1024K, 1 young (1024K), 0 survivors (0K)
 Metaspace       used 51036K, committed 51584K, reserved 1097728K
  class space    used 6631K, committed 6848K, reserved 1048576K
}
Event: 3432.446 GC heap after
{Heap after GC invocations=341 (full 301):
 garbage-first heap   total 86016K, used 25093K [0x00000000a1e00000, 0x0000000100000000)
  region size 1024K, 0 young (0K), 0 survivors (0K)
 Metaspace       used 51036K, committed 51584K, reserved 1097728K
  class space    used 6631K, committed 6848K, reserved 1048576K
}
Event: 3443.718 GC heap before
{Heap before GC invocations=341 (full 301):
 garbage-first heap   total 86016K, used 25093K [0x00000000a1e00000, 0x0000000100000000)
  region size 1024K, 1 young (1024K), 0 survivors (0K)
 Metaspace       used 51036K, committed 51584K, reserved 1097728K
  class space    used 6631K, committed 6848K, reserved 1048576K
}
Event: 3444.122 GC heap after
{Heap after GC invocations=342 (full 302):
 garbage-first heap   total 86016K, used 25093K [0x00000000a1e00000, 0x0000000100000000)
  region size 1024K, 0 young (0K), 0 survivors (0K)
 Metaspace       used 51036K, committed 51584K, reserved 1097728K
  class space    used 6631K, committed 6848K, reserved 1048576K
}
Event: 3454.702 GC heap before
{Heap before GC invocations=342 (full 302):
 garbage-first heap   total 86016K, used 25093K [0x00000000a1e00000, 0x0000000100000000)
  region size 1024K, 1 young (1024K), 0 survivors (0K)
 Metaspace       used 51036K, committed 51584K, reserved 1097728K
  class space    used 6631K, committed 6848K, reserved 1048576K
}
Event: 3454.769 GC heap after
{Heap after GC invocations=343 (full 303):
 garbage-first heap   total 86016K, used 25093K [0x00000000a1e00000, 0x0000000100000000)
  region size 1024K, 0 young (0K), 0 survivors (0K)
 Metaspace       used 51036K, committed 51584K, reserved 1097728K
  class space    used 6631K, committed 6848K, reserved 1048576K
}
Event: 3465.319 GC heap before
{Heap before GC invocations=343 (full 303):
 garbage-first heap   total 86016K, used 25093K [0x00000000a1e00000, 0x0000000100000000)
  region size 1024K, 1 young (1024K), 0 survivors (0K)
 Metaspace       used 51036K, committed 51584K, reserved 1097728K
  class space    used 6631K, committed 6848K, reserved 1048576K
}
Event: 3465.388 GC heap after
{Heap after GC invocations=344 (full 304):
 garbage-first heap   total 86016K, used 25093K [0x00000000a1e00000, 0x0000000100000000)
  region size 1024K, 0 young (0K), 0 survivors (0K)
 Metaspace       used 51036K, committed 51584K, reserved 1097728K
  class space    used 6631K, committed 6848K, reserved 1048576K
}
Event: 3476.057 GC heap before
{Heap before GC invocations=344 (full 304):
 garbage-first heap   total 86016K, used 25093K [0x00000000a1e00000, 0x0000000100000000)
  region size 1024K, 1 young (1024K), 0 survivors (0K)
 Metaspace       used 51036K, committed 51584K, reserved 1097728K
  class space    used 6631K, committed 6848K, reserved 1048576K
}
Event: 3476.119 GC heap after
{Heap after GC invocations=345 (full 305):
 garbage-first heap   total 86016K, used 25093K [0x00000000a1e00000, 0x0000000100000000)
  region size 1024K, 0 young (0K), 0 survivors (0K)
 Metaspace       used 51036K, committed 51584K, reserved 1097728K
  class space    used 6631K, committed 6848K, reserved 1048576K
}
Event: 3487.261 GC heap before
{Heap before GC invocations=345 (full 305):
 garbage-first heap   total 86016K, used 25093K [0x00000000a1e00000, 0x0000000100000000)
  region size 1024K, 1 young (1024K), 0 survivors (0K)
 Metaspace       used 51036K, committed 51584K, reserved 1097728K
  class space    used 6631K, committed 6848K, reserved 1048576K
}
Event: 3487.353 GC heap after
{Heap after GC invocations=346 (full 306):
 garbage-first heap   total 86016K, used 25093K [0x00000000a1e00000, 0x0000000100000000)
  region size 1024K, 0 young (0K), 0 survivors (0K)
 Metaspace       used 51036K, committed 51584K, reserved 1097728K
  class space    used 6631K, committed 6848K, reserved 1048576K
}
Event: 3498.314 GC heap before
{Heap before GC invocations=346 (full 306):
 garbage-first heap   total 86016K, used 25093K [0x00000000a1e00000, 0x0000000100000000)
  region size 1024K, 1 young (1024K), 0 survivors (0K)
 Metaspace       used 51036K, committed 51584K, reserved 1097728K
  class space    used 6631K, committed 6848K, reserved 1048576K
}
Event: 3498.377 GC heap after
{Heap after GC invocations=347 (full 307):
 garbage-first heap   total 86016K, used 25093K [0x00000000a1e00000, 0x0000000100000000)
  region size 1024K, 0 young (0K), 0 survivors (0K)
 Metaspace       used 51036K, committed 51584K, reserved 1097728K
  class space    used 6631K, committed 6848K, reserved 1048576K
}

